<?xml version="1.0" encoding="UTF-8"?>
<testsuite xmlns:xsi="http://www.w3.org/2001/XMLSchema-instance" xsi:noNamespaceSchemaLocation="https://maven.apache.org/surefire/maven-surefire-plugin/xsd/surefire-test-report.xsd" version="3.0.2" name="mx.edu.backendacademico.BackendAcademicoApplicationTest" time="5.267" tests="1" errors="0" skipped="0" failures="0" flakes="0">
  <properties>
[...]
</properties>
  <testcase name="contextLoads" classname="mx.edu.backendacademico.BackendAcademicoApplicationTest" time="1.706">
    <system-out><![CDATA[12:10:30.350 [main] INFO org.springframework.test.context.support.AnnotationConfigContextLoaderUtils -- Could not detect default configuration classes for test class [mx.edu.backendacademico.BackendAcademicoApplicationTest]: BackendAcademicoApplicationTest does not declare any static, non-private, non-final, nested classes annotated with @Configuration.
12:10:30.646 [main] INFO org.springframework.boot.test.context.SpringBootTestContextBootstrapper -- Found @SpringBootConfiguration mx.edu.backendacademico.BackendAcademicoApplication for test class mx.edu.backendacademico.BackendAcademicoApplicationTest
12:10:30.865 [main] INFO org.springframework.test.context.support.AnnotationConfigContextLoaderUtils -- Could not detect default configuration classes for test class [mx.edu.backendacademico.BackendAcademicoApplicationTest]: BackendAcademicoApplicationTest does not declare any static, non-private, non-final, nested classes annotated with @Configuration.
12:10:30.868 [main] INFO org.springframework.boot.test.context.SpringBootTestContextBootstrapper -- Found @SpringBootConfiguration mx.edu.backendacademico.BackendAcademicoApplication for test class mx.edu.backendacademico.BackendAcademicoApplicationTest

  .   ____          _            __ _ _
 /\\ / ___'_ __ _ _(_)_ __  __ _ \ \ \ \
( ( )\___ | '_ | '_| | '_ \/ _` | \ \ \ \
 \\/  ___)| |_)| | | | | || (_| |  ) ) ) )
  '  |____| .__|_| |_|_| |_\__, | / / / /
 =========|_|==============|___/=/_/_/_/

 :: Spring Boot ::                (v4.1.0)

2026-09-24T12:10:31.544-06:00  INFO 2520 --- [backend-academico] [           main] m.e.b.BackendAcademicoApplicationTest    : Starting BackendAcademicoApplicationTest using Java 25.0.3 with PID 2520 (started by regin in C:\Users\regin\Downloads\U01_inicio\U01\inicio)
2026-09-24T12:10:31.547-06:00  INFO 2520 --- [backend-academico] [           main] m.e.b.BackendAcademicoApplicationTest    : No active profile set, falling back to 1 default profile: "default"
2026-09-24T12:10:33.436-06:00  INFO 2520 --- [backend-academico] [           main] m.e.b.BackendAcademicoApplicationTest    : Started BackendAcademicoApplicationTest in 2.383 seconds (process running for 4.711)
]]></system-out>
    <system-err><![CDATA[Mockito is currently self-attaching to enable the inline-mock-maker. This will no longer work in future releases of the JDK. Please add Mockito as an agent to your build as described in Mockito's documentation: https://javadoc.io/doc/org.mockito/mockito-core/latest/org.mockito/org/mockito/Mockito.html#0.3
WARNING: A Java agent has been loaded dynamically (C:\Users\regin\.m2\repository\net\bytebuddy\byte-buddy-agent\1.18.10\byte-buddy-agent-1.18.10.jar)
WARNING: If a serviceability tool is in use, please run with -XX:+EnableDynamicAgentLoading to hide this warning
WARNING: If a serviceability tool is not in use, please run with -Djdk.instrument.traceUsage for more information
WARNING: Dynamic loading of agents will be disallowed by default in a future release
]]></system-err>
  </testcase>
</testsuite>